\BOOKMARK [1][-]{section.1}{\332vod}{}% 1
\BOOKMARK [2][-]{subsection.1.1}{\332cel dokumentu}{section.1}% 2
\BOOKMARK [2][-]{subsection.1.2}{Prehlad dokumentu}{section.1}% 3
\BOOKMARK [1][-]{section.2}{\332loha}{}% 4
\BOOKMARK [1][-]{section.3}{Kocneptu\341lna \372roven}{}% 5
\BOOKMARK [2][-]{subsection.3.1}{Entity}{section.3}% 6
\BOOKMARK [2][-]{subsection.3.2}{Atrib\372ty}{section.3}% 7
\BOOKMARK [2][-]{subsection.3.3}{Matrix diagram}{section.3}% 8
\BOOKMARK [2][-]{subsection.3.4}{Vztahy medzi entitami}{section.3}% 9
\BOOKMARK [2][-]{subsection.3.5}{ERA diagram}{section.3}% 10
\BOOKMARK [2][-]{subsection.3.6}{Prehlad po\236iadaviek pou\236\355vatela datab\341zov\351ho syst\351mu}{section.3}% 11
\BOOKMARK [1][-]{section.4}{Logick\341 \372roven}{}% 12
\BOOKMARK [2][-]{subsection.4.1}{Normaliz\341cia}{section.4}% 13
\BOOKMARK [2][-]{subsection.4.2}{Volba a stanovenie identifik\341torov, prim\341rnych kl\372cov, pre definovan\351 entity}{section.4}% 14
\BOOKMARK [2][-]{subsection.4.3}{Relacn\341 sch\351ma}{section.4}% 15
\BOOKMARK [1][-]{section.5}{Implementacn\341 \372roven}{}% 16
\BOOKMARK [2][-]{subsection.5.1}{Slovn\375 popis n\341vrhu}{section.5}% 17
\BOOKMARK [3][-]{subsubsection.5.1.1}{D\341tove typy}{subsection.5.1}% 18
\BOOKMARK [3][-]{subsubsection.5.1.2}{Urcenie DEFAULT hodn\364t pre stlpce}{subsection.5.1}% 19
\BOOKMARK [3][-]{subsubsection.5.1.3}{Obmedzenia}{subsection.5.1}% 20
\BOOKMARK [2][-]{subsection.5.2}{Fyzick\375 model}{section.5}% 21
\BOOKMARK [2][-]{subsection.5.3}{Prehlad potrebn\375ch SQL dopytov}{section.5}% 22
\BOOKMARK [3][-]{subsubsection.5.3.1}{Vkladanie \372dajov do tabuliek, zmena hodn\364t stlpcov}{subsection.5.3}% 23
\BOOKMARK [3][-]{subsubsection.5.3.2}{Vymaz\341vanie \372dajov}{subsection.5.3}% 24
\BOOKMARK [1][-]{section.6}{Z\341ver}{}% 25
